[5600:9996:0328/151321.825:ERROR:device_event_log_impl.cc(214)] [15:13:21.826] USB: usb_device_handle_win.cc:1056 Failed to read descriptor from node connection: ѕрисоединенное к системе устройство не работает. (0x1F)
[5600:9996:0328/151321.881:ERROR:device_event_log_impl.cc(214)] [15:13:21.882] Bluetooth: bluetooth_adapter_winrt.cc:1072 Getting Default Adapter failed.
[5600:9996:0328/151324.718:INFO:CONSOLE(0)] "[DOM] Input elements should have autocomplete attributes (suggested: "current-password"): (More info: https://goo.gl/9p2vKq) %o", source: https://eu.kith.com/account/login?return_url=%2Faccount (0)
[5600:9996:0328/151324.836:INFO:CONSOLE(40)] "[object Arguments]", source: https://www.klaviyo.com/media/js/public/klaviyo_subscribe.js (40)
[5600:9996:0328/151324.840:INFO:CONSOLE(40)] "[object Arguments]", source: https://www.klaviyo.com/media/js/public/klaviyo_subscribe.js (40)
[5600:9996:0328/151324.877:INFO:CONSOLE(841)] "not in the EU", source: https://cdn.shopify.com/s/files/1/0274/7469/0125/t/31/assets/theme.js?v=5106155832527921794 (841)
[5600:9996:0328/151325.422:INFO:CONSOLE(40)] "[object Arguments]", source: https://www.klaviyo.com/media/js/public/klaviyo_subscribe.js (40)
[5600:9996:0328/151325.423:INFO:CONSOLE(40)] "[object Arguments]", source: https://www.klaviyo.com/media/js/public/klaviyo_subscribe.js (40)
[5600:9996:0328/151325.424:INFO:CONSOLE(40)] "[object Arguments]", source: https://www.klaviyo.com/media/js/public/klaviyo_subscribe.js (40)
[5600:9996:0328/151325.426:INFO:CONSOLE(40)] "[object Arguments]", source: https://www.klaviyo.com/media/js/public/klaviyo_subscribe.js (40)
[5600:9996:0328/151326.502:INFO:CONSOLE(22)] "ShowFreeShippingBanner : Container Id : GlobaleFreeShippingBannerContainer not found in DOM", source: https://webservices.global-e.com/merchant/freeShippingBanner?merchantId=708&country=RU&currency=RUB&culture=ru&cb=1616933606 (22)
[5600:9996:0328/151327.727:INFO:CONSOLE(0)] "[DOM] Input elements should have autocomplete attributes (suggested: "current-password"): (More info: https://goo.gl/9p2vKq) %o", source: https://eu.kith.com/account/login?return_url=%2Faccount (0)
[5600:9996:0328/151327.744:INFO:CONSOLE(40)] "[object Arguments]", source: https://www.klaviyo.com/media/js/public/klaviyo_subscribe.js (40)
[5600:9996:0328/151327.745:INFO:CONSOLE(40)] "[object Arguments]", source: https://www.klaviyo.com/media/js/public/klaviyo_subscribe.js (40)
[5600:9996:0328/151327.760:INFO:CONSOLE(841)] "not in the EU", source: https://cdn.shopify.com/s/files/1/0274/7469/0125/t/31/assets/theme.js?v=5106155832527921794 (841)
[5600:9996:0328/151327.963:INFO:CONSOLE(40)] "[object Arguments]", source: https://www.klaviyo.com/media/js/public/klaviyo_subscribe.js (40)
[5600:9996:0328/151327.964:INFO:CONSOLE(40)] "[object Arguments]", source: https://www.klaviyo.com/media/js/public/klaviyo_subscribe.js (40)
[5600:9996:0328/151327.964:INFO:CONSOLE(40)] "[object Arguments]", source: https://www.klaviyo.com/media/js/public/klaviyo_subscribe.js (40)
[5600:9996:0328/151327.966:INFO:CONSOLE(40)] "[object Arguments]", source: https://www.klaviyo.com/media/js/public/klaviyo_subscribe.js (40)
[5600:9996:0328/151328.049:INFO:CONSOLE(22)] "ShowFreeShippingBanner : Container Id : GlobaleFreeShippingBannerContainer not found in DOM", source: https://webservices.global-e.com/merchant/freeShippingBanner?merchantId=708&country=RU&currency=RUB&culture=ru&cb=1616933606 (22)
[5600:9996:0328/151331.417:WARNING:pref_notifier_impl.cc(40)] Pref observer for media_router.cast_allow_all_ips found at shutdown.
